
> client@0.1.0 build
> react-scripts build

(node:9484) [DEP0176] DeprecationWarning: fs.F_OK is deprecated, use fs.constants.F_OK instead
(Use `node --trace-deprecation ...` to show where the warning was created)
Creating an optimized production build...
Compiled with warnings.

Failed to parse source map from 'C:\Users\HP\OneDrive\Desktop\MERN342\client\node_modules\@mediapipe\tasks-vision\vision_bundle_mjs.js.map' file: Error: ENOENT: no such file or directory, open 'C:\Users\HP\OneDrive\Desktop\MERN342\client\node_modules\@mediapipe\tasks-vision\vision_bundle_mjs.js.map'

[eslint] 
src\pages\Contact.js
  Line 2:24:  'Phone' is defined but never used  no-unused-vars

Search for the keywords to learn more about each warning.
To ignore, add // eslint-disable-next-line to the line before.

File sizes after gzip:

  389.44 kB  build\static\js\main.9acb85ec.js
  6.56 kB    build\static\css\main.a897acac.css
  1.76 kB    build\static\js\453.af205ec6.chunk.js

The project was built assuming it is hosted at /.
You can control this with the homepage field in your package.json.

The build folder is ready to be deployed.
You may serve it with a static server:

  npm install -g serve
  serve -s build

Find out more about deployment here:

  https://cra.link/deployment

